INFO 2025-12-28 18:15:24,741 views Найдено похожих предложений: 1
INFO 2025-12-28 18:15:24,750 views === ОТЛАДКА analysis_results ===
INFO 2025-12-28 18:15:24,751 views similar_offers (тип): <class 'list'>
INFO 2025-12-28 18:15:24,751 views similar_offers (длина): 1
INFO 2025-12-28 18:15:24,751 views similar_count из сессии: 1
INFO 2025-12-28 18:15:24,751 views charts создано: 0
INFO 2025-12-28 18:15:24,751 views ключи charts: []
INFO 2025-12-28 18:15:24,752 views Первые 3 предложения:
INFO 2025-12-28 18:15:24,752 views   1. Цена: 46956.59, Площадь: 45.00
INFO 2025-12-28 18:15:56,326 views Найдено похожих предложений: 1
INFO 2025-12-28 18:15:56,330 views === ОТЛАДКА analysis_results ===
INFO 2025-12-28 18:15:56,331 views similar_offers (тип): <class 'list'>
INFO 2025-12-28 18:15:56,331 views similar_offers (длина): 1
INFO 2025-12-28 18:15:56,331 views similar_count из сессии: 0
INFO 2025-12-28 18:15:56,331 views charts создано: 0
INFO 2025-12-28 18:15:56,331 views ключи charts: []
INFO 2025-12-28 18:15:56,332 views Первые 3 предложения:
INFO 2025-12-28 18:15:56,332 views   1. Цена: 46956.59, Площадь: 45.00
INFO 2025-12-28 18:15:59,619 views Найдено похожих предложений: 1
INFO 2025-12-28 18:15:59,623 views === ОТЛАДКА analysis_results ===
INFO 2025-12-28 18:15:59,624 views similar_offers (тип): <class 'list'>
INFO 2025-12-28 18:15:59,624 views similar_offers (длина): 1
INFO 2025-12-28 18:15:59,624 views similar_count из сессии: 8
INFO 2025-12-28 18:15:59,624 views charts создано: 0
INFO 2025-12-28 18:15:59,624 views ключи charts: []
INFO 2025-12-28 18:15:59,624 views Первые 3 предложения:
INFO 2025-12-28 18:15:59,624 views   1. Цена: 46956.59, Площадь: 45.00
INFO 2025-12-28 18:16:10,898 views Найдено похожих предложений: 1
INFO 2025-12-28 18:16:10,903 views === ОТЛАДКА analysis_results ===
INFO 2025-12-28 18:16:10,903 views similar_offers (тип): <class 'list'>
INFO 2025-12-28 18:16:10,903 views similar_offers (длина): 1
INFO 2025-12-28 18:16:10,903 views similar_count из сессии: 24
INFO 2025-12-28 18:16:10,903 views charts создано: 0
INFO 2025-12-28 18:16:10,903 views ключи charts: []
INFO 2025-12-28 18:16:10,904 views Первые 3 предложения:
INFO 2025-12-28 18:16:10,904 views   1. Цена: 46956.59, Площадь: 45.00
INFO 2025-12-28 18:51:29,834 models Геокодирование: ул. Ленина, 50
INFO 2025-12-28 18:51:30,761 models Координаты установлены: 56.638888, 60.575714
INFO 2025-12-28 18:51:30,776 models Геокодирование: ул. Малышева, 31
INFO 2025-12-28 18:51:31,545 models Координаты установлены: 56.835002, 60.601052
INFO 2025-12-28 18:51:31,553 models Геокодирование: пр. Ленина, 24а
INFO 2025-12-28 18:51:33,511 models Координаты установлены: 56.837198, 60.597583
INFO 2025-12-28 18:51:33,526 models Геокодирование: ул. 8 Марта, 8
INFO 2025-12-28 18:51:34,711 models Координаты установлены: 56.835198, 60.599167
INFO 2025-12-28 18:51:34,728 models Геокодирование: ул. Луначарского, 81
INFO 2025-12-28 18:51:36,389 models Координаты установлены: 56.847640, 60.618612
INFO 2025-12-28 18:51:36,404 models Геокодирование: ул. Вильгельма де Геннина, 49
INFO 2025-12-28 18:51:37,473 models Координаты установлены: 56.788011, 60.513432
INFO 2025-12-28 18:51:37,482 models Геокодирование: ул. Фрезеровщиков, 54
INFO 2025-12-28 18:51:39,375 models Координаты установлены: 56.901715, 60.622224
INFO 2025-12-28 18:51:39,382 models Геокодирование: ул. Белореченская, 24
INFO 2025-12-28 18:51:40,594 models Координаты установлены: 56.819330, 60.563813
INFO 2025-12-28 18:51:40,610 models Геокодирование: ул. Кирова, 55
INFO 2025-12-28 18:51:42,524 models Координаты установлены: 56.839909, 60.551385
INFO 2025-12-28 18:51:42,531 models Геокодирование: ул. Бардина, 28
INFO 2025-12-28 18:51:43,506 models Координаты установлены: 56.805143, 60.564531
INFO 2025-12-28 18:51:43,763 models Геокодирование: ул. Ленина, 50
INFO 2025-12-28 18:51:43,763 models Координаты установлены: 56.638888, 60.575714
INFO 2025-12-28 18:51:43,769 models Геокодирование: ул. Малышева, 31
INFO 2025-12-28 18:51:43,770 models Координаты установлены: 56.835002, 60.601052
INFO 2025-12-28 19:04:12,935 models Геокодирование: ул. Ленина, 50
INFO 2025-12-28 19:04:13,743 models Координаты установлены: 56.638888, 60.575714
INFO 2025-12-28 19:04:13,759 models Геокодирование: ул. Малышева, 31
INFO 2025-12-28 19:04:14,627 models Координаты установлены: 56.833959, 60.596329
INFO 2025-12-28 19:04:14,642 models Геокодирование: пр. Ленина, 24а
INFO 2025-12-28 19:04:16,625 models Координаты установлены: 56.837198, 60.597583
INFO 2025-12-28 19:04:16,634 models Геокодирование: ул. 8 Марта, 8
INFO 2025-12-28 19:04:17,877 models Координаты установлены: 56.835198, 60.599167
INFO 2025-12-28 19:04:17,893 models Геокодирование: ул. Луначарского, 81
INFO 2025-12-28 19:04:19,508 models Координаты установлены: 56.847640, 60.618612
INFO 2025-12-28 19:04:19,525 models Геокодирование: ул. Горького, 27
INFO 2025-12-28 19:04:20,679 models Координаты установлены: 56.837314, 60.606380
INFO 2025-12-28 19:04:20,686 models Геокодирование: ул. Хохрякова, 85
INFO 2025-12-28 19:04:22,507 models Координаты установлены: 56.826492, 60.595469
INFO 2025-12-28 19:04:22,525 models Геокодирование: ул. Московская, 19
INFO 2025-12-28 19:04:23,702 models Координаты установлены: 56.839007, 60.581277
INFO 2025-12-28 19:04:23,719 models Геокодирование: ул. Вильгельма де Геннина, 49
INFO 2025-12-28 19:04:25,530 models Координаты установлены: 56.788011, 60.513432
INFO 2025-12-28 19:04:25,547 models Геокодирование: ул. Краснолесья, 123
INFO 2025-12-28 19:04:26,615 models Координаты установлены: 56.791316, 60.524142
INFO 2025-12-28 19:04:26,630 models Геокодирование: ул. Академика Сахарова, 107
INFO 2025-12-28 19:04:28,648 models Координаты установлены: 56.793815, 60.500329
INFO 2025-12-28 19:04:28,664 models Геокодирование: ул. Павла Шаманова, 22
INFO 2025-12-28 19:04:29,580 models Координаты установлены: 56.787692, 60.519218
INFO 2025-12-28 19:04:29,596 models Геокодирование: ул. Фрезеровщиков, 54
INFO 2025-12-28 19:04:31,478 models Координаты установлены: 56.901715, 60.622224
INFO 2025-12-28 19:04:31,494 models Геокодирование: ул. Шейнкмана, 121
INFO 2025-12-28 19:04:32,613 models Координаты установлены: 56.819467, 60.591910
INFO 2025-12-28 19:04:32,620 models Геокодирование: ул. Бардина, 28
INFO 2025-12-28 19:04:34,532 models Координаты установлены: 56.803697, 60.566670
INFO 2025-12-28 19:04:34,549 models Геокодирование: ул. Сулимова, 50
INFO 2025-12-28 19:04:35,753 models Координаты установлены: 56.863373, 60.630848
INFO 2025-12-28 19:04:35,760 models Геокодирование: ул. Белореченская, 24
INFO 2025-12-28 19:04:37,599 models Координаты установлены: 56.819330, 60.563813
INFO 2025-12-28 19:04:37,616 models Геокодирование: ул. Кирова, 55
INFO 2025-12-28 19:04:38,720 models Координаты установлены: 56.840033, 60.545760
INFO 2025-12-28 19:04:38,735 models Геокодирование: ул. Татищева, 88
INFO 2025-12-28 19:04:40,493 models Координаты установлены: 56.837471, 60.546520
INFO 2025-12-28 19:04:40,511 models Геокодирование: ул. Репина, 94
INFO 2025-12-28 19:04:41,689 models Координаты установлены: 56.816998, 60.538767
INFO 2025-12-28 19:04:41,704 models Геокодирование: ул. Комсомольская, 67
INFO 2025-12-28 19:04:43,756 models Координаты установлены: 56.837016, 60.661820
INFO 2025-12-28 19:04:43,764 models Геокодирование: ул. Рассветная, 12
INFO 2025-12-28 19:04:44,632 models Координаты установлены: 56.840630, 60.690152
INFO 2025-12-28 19:04:44,650 models Геокодирование: ул. Сыромолотова, 16
INFO 2025-12-28 19:04:46,475 models Координаты установлены: 56.836081, 60.675348
INFO 2025-12-28 19:04:46,490 models Геокодирование: ул. Юлиуса Фучика, 3
INFO 2025-12-28 19:04:47,598 models Координаты установлены: 56.798237, 60.617375
INFO 2025-12-28 19:04:47,607 models Геокодирование: ул. Машиностроителей, 19
INFO 2025-12-28 19:04:49,537 models Координаты установлены: 56.884896, 60.590275
INFO 2025-12-28 19:04:49,552 models Геокодирование: ул. Культуры, 3
INFO 2025-12-28 19:04:50,734 models Координаты установлены: 56.890203, 60.579629
INFO 2025-12-28 19:04:50,742 models Геокодирование: ул. Старых Большевиков, 52
INFO 2025-12-28 19:04:52,501 models Координаты установлены: 56.898598, 60.622763
INFO 2025-12-28 19:04:52,519 models Геокодирование: ул. 22 Партсъезда, 15
INFO 2025-12-28 19:04:53,635 models Координаты установлены: 56.887383, 60.577153
INFO 2025-12-28 19:04:53,643 models Геокодирование: ул. Челюскинцев, 106
INFO 2025-12-28 19:04:55,554 models Координаты установлены: 56.855821, 60.605975
INFO 2025-12-28 19:04:55,562 models Геокодирование: ул. Первомайская, 104
INFO 2025-12-28 19:04:56,892 models Координаты установлены: 56.846628, 60.655816
INFO 2025-12-28 19:04:56,909 models Геокодирование: ул. Тверская, 13
INFO 2025-12-28 19:04:58,627 models Координаты установлены: 55.761248, 37.608074
INFO 2025-12-28 19:04:58,643 models Геокодирование: ул. Арбат, 35
INFO 2025-12-28 19:04:59,589 models Координаты установлены: 55.749107, 37.591815
INFO 2025-12-28 19:04:59,605 models Геокодирование: ул. Новый Арбат, 15
INFO 2025-12-28 19:05:01,578 models Координаты установлены: 55.751904, 37.592355
INFO 2025-12-28 19:05:01,586 models Геокодирование: ул. Большая Дмитровка, 15
INFO 2025-12-28 19:05:02,589 models Координаты установлены: 55.762500, 37.612371
INFO 2025-12-28 19:05:02,598 models Геокодирование: ул. Петровка, 25
INFO 2025-12-28 19:05:04,595 models Координаты установлены: 55.767227, 37.613303
INFO 2025-12-28 19:05:04,610 models Геокодирование: ул. Мясницкая, 20
INFO 2025-12-28 19:05:05,607 models Координаты установлены: 55.761494, 37.633342
INFO 2025-12-28 19:05:05,622 models Геокодирование: ул. Покровка, 27
INFO 2025-12-28 19:05:07,651 models Координаты установлены: 55.760173, 37.648490
INFO 2025-12-28 19:05:07,667 models Геокодирование: Ленинградский пр., 37
INFO 2025-12-28 19:05:08,768 models Координаты установлены: 55.791525, 37.545970
INFO 2025-12-28 19:05:08,785 models Геокодирование: ул. Верхняя Масловка, 18
INFO 2025-12-28 19:05:10,579 models Координаты установлены: 55.794805, 37.562648
INFO 2025-12-28 19:05:10,587 models Геокодирование: ул. Врубеля, 6
INFO 2025-12-28 19:05:11,578 models Координаты установлены: 55.805741, 37.500478
INFO 2025-12-28 19:05:11,586 models Геокодирование: ул. Панфилова, 4
INFO 2025-12-28 19:05:13,630 models Координаты установлены: 55.800799, 37.498581
INFO 2025-12-28 19:05:13,646 models Геокодирование: пр. Мира, 186
INFO 2025-12-28 19:05:14,839 models Координаты установлены: 55.831388, 37.652948
INFO 2025-12-28 19:05:14,848 models Геокодирование: ул. Ярославская, 8
INFO 2025-12-28 19:05:16,559 models Координаты установлены: 55.817692, 37.649749
INFO 2025-12-28 19:05:16,574 models Геокодирование: ул. Менжинского, 32
INFO 2025-12-28 19:05:17,635 models Координаты установлены: 55.869612, 37.666779
INFO 2025-12-28 19:05:17,653 models Геокодирование: ул. Коминтерна, 18
INFO 2025-12-28 19:05:19,536 models Координаты установлены: 55.864045, 37.680141
INFO 2025-12-28 19:05:19,543 models Геокодирование: ш. Энтузиастов, 12
INFO 2025-12-28 19:05:20,684 models Координаты установлены: 55.748768, 37.705630
INFO 2025-12-28 19:05:20,699 models Геокодирование: ул. Первомайская, 89
INFO 2025-12-28 19:05:23,037 models Координаты установлены: 55.793564, 37.804591
INFO 2025-12-28 19:05:23,044 models Геокодирование: ул. 9-я Парковая, 48
INFO 2025-12-28 19:05:23,752 models Координаты установлены: 55.799859, 37.799671
INFO 2025-12-28 19:05:23,767 models Геокодирование: ул. Вешняковская, 20
INFO 2025-12-28 19:05:25,658 models Координаты установлены: 55.721201, 37.823068
INFO 2025-12-28 19:05:25,665 models Геокодирование: ул. Верхние Поля, 45
INFO 2025-12-28 19:05:26,886 models Координаты установлены: 55.668074, 37.776992
INFO 2025-12-28 19:05:26,902 models Геокодирование: ул. Маршала Чуйкова, 26
INFO 2025-12-28 19:05:28,508 models Координаты установлены: 55.698012, 37.757482
INFO 2025-12-28 19:05:28,523 models Геокодирование: Волгоградский пр., 42
INFO 2025-12-28 19:05:29,686 models Координаты установлены: 55.706035, 37.721019
INFO 2025-12-28 19:05:29,693 models Геокодирование: ул. Кантемировская, 59
INFO 2025-12-28 19:05:31,549 models Координаты установлены: 55.637740, 37.644040
INFO 2025-12-28 19:05:31,557 models Геокодирование: ул. Домодедовская, 20
INFO 2025-12-28 19:05:32,641 models Координаты установлены: 55.612202, 37.702801
INFO 2025-12-28 19:05:32,658 models Геокодирование: ул. Красного Маяка, 15
INFO 2025-12-28 19:05:34,555 models Координаты установлены: 55.607300, 37.585726
INFO 2025-12-28 19:05:35,076 models Геокодирование: ул. Профсоюзная, 98
INFO 2025-12-28 19:05:35,787 models Координаты установлены: 55.646117, 37.526835
INFO 2025-12-28 19:05:35,804 models Геокодирование: ул. Миклухо-Маклая, 57
INFO 2025-12-28 19:05:37,532 models Координаты установлены: 55.641792, 37.534599
INFO 2025-12-28 19:05:37,550 models Геокодирование: Ленинский пр., 89
INFO 2025-12-28 19:05:39,750 models Координаты установлены: 55.677590, 37.533203
INFO 2025-12-28 19:05:39,765 models Геокодирование: ул. Обручева, 38
INFO 2025-12-28 19:05:41,403 models Координаты установлены: 55.652277, 37.540324
INFO 2025-12-28 19:05:41,420 models Геокодирование: Невский пр., 28
INFO 2025-12-28 19:05:41,645 models Координаты установлены: 59.935873, 30.325899
INFO 2025-12-28 19:05:41,664 models Геокодирование: ул. Большая Морская, 35
INFO 2025-12-28 19:05:43,557 models Координаты установлены: 59.933459, 30.310347
INFO 2025-12-28 19:05:43,572 models Геокодирование: Литейный пр., 55
INFO 2025-12-28 19:05:44,623 models Координаты установлены: 59.935707, 30.347714
INFO 2025-12-28 19:05:44,639 models Геокодирование: ул. Садовая, 54
INFO 2025-12-28 19:05:47,049 models Координаты установлены: 59.934886, 30.336814
INFO 2025-12-28 19:05:47,064 models Геокодирование: наб. реки Фонтанки, 92
INFO 2025-12-28 19:05:47,630 models Координаты установлены: 59.924098, 30.326358
INFO 2025-12-28 19:05:47,647 models Геокодирование: ул. Рубинштейна, 36
INFO 2025-12-28 19:05:49,499 models Координаты установлены: 59.927684, 30.344143
INFO 2025-12-28 19:05:49,517 models Геокодирование: ул. Марата, 72
INFO 2025-12-28 19:05:50,645 models Координаты установлены: 59.920155, 30.343346
INFO 2025-12-28 19:05:50,660 models Геокодирование: ул. Кораблестроителей, 30
INFO 2025-12-28 19:05:52,521 models Координаты установлены: 59.951924, 30.216575
INFO 2025-12-28 19:05:52,539 models Геокодирование: пр. КИМа, 28
INFO 2025-12-28 19:05:53,590 models Координаты установлены: 59.953727, 30.241961
INFO 2025-12-28 19:05:53,597 models Геокодирование: ул. Нахимова, 10
INFO 2025-12-28 19:05:55,522 models Координаты установлены: 59.943105, 30.234247
INFO 2025-12-28 19:05:55,539 models Геокодирование: ул. Гаванская, 50
INFO 2025-12-28 19:05:56,617 models Координаты установлены: 59.939387, 30.235136
INFO 2025-12-28 19:05:56,633 models Геокодирование: ул. Льва Толстого, 9
INFO 2025-12-28 19:05:58,569 models Координаты установлены: 59.965088, 30.315627
INFO 2025-12-28 19:05:58,584 models Геокодирование: ул. Профессора Попова, 37
INFO 2025-12-28 19:05:59,620 models Координаты установлены: 59.971649, 30.298053
INFO 2025-12-28 19:05:59,637 models Геокодирование: Каменноостровский пр., 42
INFO 2025-12-28 19:06:01,582 models Координаты установлены: 59.968089, 30.308827
INFO 2025-12-28 19:06:01,589 models Геокодирование: пр. Энгельса, 154
INFO 2025-12-28 19:06:02,824 models Координаты установлены: 60.059095, 30.335068
INFO 2025-12-28 19:06:02,832 models Геокодирование: ул. Комсомола, 41
INFO 2025-12-28 19:06:04,512 models Координаты установлены: 59.955740, 30.354845
INFO 2025-12-28 19:06:04,529 models Геокодирование: пр. Пархоменко, 20
INFO 2025-12-28 19:06:05,617 models Координаты установлены: 60.000638, 30.337633
INFO 2025-12-28 19:06:05,625 models Геокодирование: ул. Жака Дюкло, 21
INFO 2025-12-28 19:06:07,511 models Координаты установлены: 60.010922, 30.357497
INFO 2025-12-28 19:06:07,528 models Геокодирование: пр. Науки, 65
INFO 2025-12-28 19:06:08,610 models Координаты установлены: 60.006602, 30.420178
INFO 2025-12-28 19:06:08,626 models Геокодирование: ул. Руставели, 66
INFO 2025-12-28 19:06:10,625 models Координаты установлены: 60.037467, 30.430357
INFO 2025-12-28 19:06:10,643 models Геокодирование: Гражданский пр., 111
INFO 2025-12-28 19:06:11,621 models Координаты установлены: 60.030052, 30.416483
INFO 2025-12-28 19:06:11,636 models Геокодирование: ул. Демьяна Бедного, 22
INFO 2025-12-28 19:06:13,552 models Координаты установлены: 60.044078, 30.387244
INFO 2025-12-28 19:06:13,568 models Геокодирование: пр. Стачек, 48
INFO 2025-12-28 19:06:14,621 models Координаты установлены: 59.883665, 30.267467
INFO 2025-12-28 19:06:14,638 models Геокодирование: ул. Маршала Казакова, 35
INFO 2025-12-28 19:06:16,565 models Координаты установлены: 59.862903, 30.209386
INFO 2025-12-28 19:06:16,580 models Геокодирование: ул. Зенитчиков, 10
INFO 2025-12-28 19:06:17,598 models Координаты установлены: 59.873169, 30.259436
INFO 2025-12-28 19:06:17,614 models Геокодирование: пр. Ветеранов, 89
INFO 2025-12-28 19:06:19,623 models Координаты установлены: 59.834309, 30.214068
INFO 2025-12-28 19:06:19,638 models Геокодирование: Московский пр., 216
INFO 2025-12-28 19:06:20,712 models Координаты установлены: 59.848627, 30.322250
INFO 2025-12-28 19:06:20,729 models Геокодирование: ул. Типанова, 28
INFO 2025-12-28 19:06:22,525 models Координаты установлены: 59.852462, 30.338717
INFO 2025-12-28 19:06:22,540 models Геокодирование: ул. Пулковская, 10
INFO 2025-12-28 19:06:23,640 models Координаты установлены: 59.740980, 30.348674
INFO 2025-12-28 19:06:23,657 models Геокодирование: ул. Белы Куна, 3
INFO 2025-12-28 19:06:25,562 models Координаты установлены: 59.871443, 30.381830
INFO 2025-12-28 19:06:25,570 models Геокодирование: ул. Софийская, 44
INFO 2025-12-28 19:06:26,788 models Координаты установлены: 59.869649, 30.411037
INFO 2025-12-28 19:06:26,804 models Геокодирование: ул. Ленина, 21
INFO 2025-12-28 19:06:28,988 models Координаты установлены: 55.029243, 82.904846
INFO 2025-12-28 19:06:29,005 models Геокодирование: Красный пр., 220
INFO 2025-12-28 19:06:29,655 models Координаты установлены: 55.068070, 82.911856
INFO 2025-12-28 19:06:29,663 models Геокодирование: ул. Советская, 52
INFO 2025-12-28 19:06:31,986 models Координаты установлены: 55.043799, 82.913002
INFO 2025-12-28 19:06:32,001 models Геокодирование: ул. Каинская, 68
INFO 2025-12-28 19:06:32,636 models Координаты установлены: 55.458686, 78.311521
INFO 2025-12-28 19:06:32,644 models Геокодирование: ул. Горького, 78
INFO 2025-12-28 19:06:34,802 models Координаты установлены: 55.026645, 82.923526
INFO 2025-12-28 19:06:34,818 models Геокодирование: ул. Богдана Хмельницкого, 100
INFO 2025-12-28 19:06:35,662 models Координаты установлены: 55.097067, 82.981137
INFO 2025-12-28 19:06:35,679 models Геокодирование: ул. Кропоткина, 271
INFO 2025-12-28 19:06:37,525 models Координаты установлены: 55.057801, 82.936636
INFO 2025-12-28 19:06:37,539 models Геокодирование: ул. Титова, 205
INFO 2025-12-28 19:06:38,655 models Координаты установлены: 54.979687, 82.828943
INFO 2025-12-28 19:06:38,671 models Геокодирование: ул. Героев Революции, 64
INFO 2025-12-28 19:06:40,563 models Координаты установлены: 54.976418, 83.083260
INFO 2025-12-28 19:06:40,569 models Геокодирование: ул. Кирова, 82
INFO 2025-12-28 19:06:41,792 models Координаты установлены: 55.014095, 82.945586
INFO 2025-12-28 19:06:41,805 models Геокодирование: ул. Никитина, 20
INFO 2025-12-28 19:06:43,555 models Координаты установлены: 55.010512, 82.958163
INFO 2025-12-28 19:06:43,571 models Геокодирование: ул. Ильича, 6
INFO 2025-12-28 19:06:44,716 models Координаты установлены: 54.839232, 83.095484
INFO 2025-12-28 19:06:44,723 models Геокодирование: ул. Выборная, 126
INFO 2025-12-28 19:06:47,550 models Координаты установлены: 54.999112, 83.011541
INFO 2025-12-28 19:06:47,558 models Геокодирование: ул. Сибиряков-Гвардейцев, 47
INFO 2025-12-28 19:06:47,717 models Координаты установлены: 54.954618, 82.903513
INFO 2025-12-28 19:06:47,724 models Геокодирование: ул. Станционная, 30
INFO 2025-12-28 19:06:49,742 models Координаты установлены: 55.009002, 82.814055
INFO 2025-12-28 19:06:49,759 models Геокодирование: ул. Тюленина, 15
INFO 2025-12-28 19:06:50,709 models Координаты установлены: 55.109868, 82.946169
INFO 2025-12-28 19:06:50,734 models Геокодирование: ул. Ленина, 50
INFO 2025-12-28 19:06:50,735 models Координаты установлены: 56.638888, 60.575714
INFO 2025-12-28 19:06:50,742 models Геокодирование: ул. Малышева, 31
INFO 2025-12-28 19:06:50,743 models Координаты установлены: 56.833959, 60.596329
INFO 2025-12-28 19:06:50,750 models Геокодирование: Невский пр., 28
INFO 2025-12-28 19:06:50,751 models Координаты установлены: 59.935873, 30.325899
INFO 2025-12-28 19:06:50,758 models Геокодирование: ул. Тверская, 13
INFO 2025-12-28 19:06:50,759 models Координаты установлены: 55.761248, 37.608074
INFO 2025-12-28 19:06:50,766 models Геокодирование: Красный пр., 220
INFO 2025-12-28 19:06:50,766 models Координаты установлены: 55.068070, 82.911856
INFO 2025-12-28 19:15:37,341 views Найдено похожих предложений: 0
INFO 2025-12-28 19:15:37,342 views === ОТЛАДКА analysis_results ===
INFO 2025-12-28 19:15:37,342 views similar_offers (тип): <class 'list'>
INFO 2025-12-28 19:15:37,342 views similar_offers (длина): 0
INFO 2025-12-28 19:15:37,343 views similar_count из сессии: 3
INFO 2025-12-28 19:15:37,343 views charts создано: 0
INFO 2025-12-28 19:15:37,343 views ключи charts: []
INFO 2025-12-28 19:15:59,511 views Найдено похожих предложений: 0
INFO 2025-12-28 19:15:59,512 views === ОТЛАДКА analysis_results ===
INFO 2025-12-28 19:15:59,512 views similar_offers (тип): <class 'list'>
INFO 2025-12-28 19:15:59,512 views similar_offers (длина): 0
INFO 2025-12-28 19:15:59,512 views similar_count из сессии: 4
INFO 2025-12-28 19:15:59,512 views charts создано: 0
INFO 2025-12-28 19:15:59,513 views ключи charts: []
INFO 2025-12-28 19:18:47,744 views Найдено похожих предложений: 1
INFO 2025-12-28 19:18:47,753 views === ОТЛАДКА analysis_results ===
INFO 2025-12-28 19:18:47,753 views similar_offers (тип): <class 'list'>
INFO 2025-12-28 19:18:47,753 views similar_offers (длина): 1
INFO 2025-12-28 19:18:47,753 views similar_count из сессии: 0
INFO 2025-12-28 19:18:47,753 views charts создано: 0
INFO 2025-12-28 19:18:47,754 views ключи charts: []
INFO 2025-12-28 19:18:47,754 views Первые 3 предложения:
INFO 2025-12-28 19:18:47,754 views   1. Цена: 33100.00, Площадь: 43.70
INFO 2025-12-28 19:19:04,595 views Найдено похожих предложений: 1
INFO 2025-12-28 19:19:04,599 views === ОТЛАДКА analysis_results ===
INFO 2025-12-28 19:19:04,599 views similar_offers (тип): <class 'list'>
INFO 2025-12-28 19:19:04,599 views similar_offers (длина): 1
INFO 2025-12-28 19:19:04,599 views similar_count из сессии: 0
INFO 2025-12-28 19:19:04,600 views charts создано: 0
INFO 2025-12-28 19:19:04,600 views ключи charts: []
INFO 2025-12-28 19:19:04,600 views Первые 3 предложения:
INFO 2025-12-28 19:19:04,600 views   1. Цена: 33100.00, Площадь: 43.70
INFO 2025-12-28 19:19:08,822 views Найдено похожих предложений: 1
INFO 2025-12-28 19:19:08,827 views === ОТЛАДКА analysis_results ===
INFO 2025-12-28 19:19:08,827 views similar_offers (тип): <class 'list'>
INFO 2025-12-28 19:19:08,827 views similar_offers (длина): 1
INFO 2025-12-28 19:19:08,827 views similar_count из сессии: 2
INFO 2025-12-28 19:19:08,827 views charts создано: 0
INFO 2025-12-28 19:19:08,827 views ключи charts: []
INFO 2025-12-28 19:19:08,828 views Первые 3 предложения:
INFO 2025-12-28 19:19:08,828 views   1. Цена: 33100.00, Площадь: 43.70
INFO 2025-12-28 19:20:43,267 views Найдено похожих предложений: 1
INFO 2025-12-28 19:20:43,272 views === ОТЛАДКА analysis_results ===
INFO 2025-12-28 19:20:43,272 views similar_offers (тип): <class 'list'>
INFO 2025-12-28 19:20:43,273 views similar_offers (длина): 1
INFO 2025-12-28 19:20:43,273 views similar_count из сессии: 1
INFO 2025-12-28 19:20:43,273 views charts создано: 0
INFO 2025-12-28 19:20:43,273 views ключи charts: []
INFO 2025-12-28 19:20:43,273 views Первые 3 предложения:
INFO 2025-12-28 19:20:43,273 views   1. Цена: 36600.00, Площадь: 87.90
INFO 2025-12-28 19:21:22,549 views Найдено похожих предложений: 1
INFO 2025-12-28 19:21:22,554 views === ОТЛАДКА analysis_results ===
INFO 2025-12-28 19:21:22,554 views similar_offers (тип): <class 'list'>
INFO 2025-12-28 19:21:22,555 views similar_offers (длина): 1
INFO 2025-12-28 19:21:22,555 views similar_count из сессии: 1
INFO 2025-12-28 19:21:22,555 views charts создано: 0
INFO 2025-12-28 19:21:22,555 views ключи charts: []
INFO 2025-12-28 19:21:22,555 views Первые 3 предложения:
INFO 2025-12-28 19:21:22,555 views   1. Цена: 36600.00, Площадь: 87.90
INFO 2025-12-28 19:21:44,940 views Найдено похожих предложений: 1
INFO 2025-12-28 19:21:44,944 views === ОТЛАДКА analysis_results ===
INFO 2025-12-28 19:21:44,945 views similar_offers (тип): <class 'list'>
INFO 2025-12-28 19:21:44,945 views similar_offers (длина): 1
INFO 2025-12-28 19:21:44,945 views similar_count из сессии: 1
INFO 2025-12-28 19:21:44,945 views charts создано: 0
INFO 2025-12-28 19:21:44,945 views ключи charts: []
INFO 2025-12-28 19:21:44,945 views Первые 3 предложения:
INFO 2025-12-28 19:21:44,945 views   1. Цена: 36600.00, Площадь: 87.90
INFO 2025-12-28 19:21:53,258 views Найдено похожих предложений: 1
INFO 2025-12-28 19:21:53,262 views === ОТЛАДКА analysis_results ===
INFO 2025-12-28 19:21:53,263 views similar_offers (тип): <class 'list'>
INFO 2025-12-28 19:21:53,263 views similar_offers (длина): 1
INFO 2025-12-28 19:21:53,263 views similar_count из сессии: 0
INFO 2025-12-28 19:21:53,263 views charts создано: 0
INFO 2025-12-28 19:21:53,263 views ключи charts: []
INFO 2025-12-28 19:21:53,264 views Первые 3 предложения:
INFO 2025-12-28 19:21:53,264 views   1. Цена: 36600.00, Площадь: 87.90
INFO 2025-12-28 19:22:00,020 views Найдено похожих предложений: 1
INFO 2025-12-28 19:22:00,024 views === ОТЛАДКА analysis_results ===
INFO 2025-12-28 19:22:00,025 views similar_offers (тип): <class 'list'>
INFO 2025-12-28 19:22:00,025 views similar_offers (длина): 1
INFO 2025-12-28 19:22:00,025 views similar_count из сессии: 0
INFO 2025-12-28 19:22:00,025 views charts создано: 0
INFO 2025-12-28 19:22:00,025 views ключи charts: []
INFO 2025-12-28 19:22:00,026 views Первые 3 предложения:
INFO 2025-12-28 19:22:00,026 views   1. Цена: 36600.00, Площадь: 87.90
INFO 2025-12-28 19:22:14,812 views Найдено похожих предложений: 1
INFO 2025-12-28 19:22:14,817 views === ОТЛАДКА analysis_results ===
INFO 2025-12-28 19:22:14,817 views similar_offers (тип): <class 'list'>
INFO 2025-12-28 19:22:14,817 views similar_offers (длина): 1
INFO 2025-12-28 19:22:14,818 views similar_count из сессии: 0
INFO 2025-12-28 19:22:14,818 views charts создано: 0
INFO 2025-12-28 19:22:14,818 views ключи charts: []
INFO 2025-12-28 19:22:14,818 views Первые 3 предложения:
INFO 2025-12-28 19:22:14,818 views   1. Цена: 36600.00, Площадь: 87.90
INFO 2025-12-28 19:22:20,644 views Найдено похожих предложений: 1
INFO 2025-12-28 19:22:20,649 views === ОТЛАДКА analysis_results ===
INFO 2025-12-28 19:22:20,649 views similar_offers (тип): <class 'list'>
INFO 2025-12-28 19:22:20,649 views similar_offers (длина): 1
INFO 2025-12-28 19:22:20,649 views similar_count из сессии: 0
INFO 2025-12-28 19:22:20,649 views charts создано: 0
INFO 2025-12-28 19:22:20,650 views ключи charts: []
INFO 2025-12-28 19:22:20,650 views Первые 3 предложения:
INFO 2025-12-28 19:22:20,650 views   1. Цена: 36600.00, Площадь: 87.90
INFO 2025-12-28 19:22:23,370 views Найдено похожих предложений: 1
INFO 2025-12-28 19:22:23,374 views === ОТЛАДКА analysis_results ===
INFO 2025-12-28 19:22:23,374 views similar_offers (тип): <class 'list'>
INFO 2025-12-28 19:22:23,374 views similar_offers (длина): 1
INFO 2025-12-28 19:22:23,375 views similar_count из сессии: 0
INFO 2025-12-28 19:22:23,375 views charts создано: 0
INFO 2025-12-28 19:22:23,375 views ключи charts: []
INFO 2025-12-28 19:22:23,375 views Первые 3 предложения:
INFO 2025-12-28 19:22:23,375 views   1. Цена: 36600.00, Площадь: 87.90
INFO 2025-12-28 19:51:43,151 views Найдено похожих предложений: 1
INFO 2025-12-28 19:51:43,158 views === ОТЛАДКА analysis_results ===
INFO 2025-12-28 19:51:43,158 views similar_offers (тип): <class 'list'>
INFO 2025-12-28 19:51:43,158 views similar_offers (длина): 1
INFO 2025-12-28 19:51:43,159 views similar_count из сессии: 1
INFO 2025-12-28 19:51:43,159 views charts создано: 0
INFO 2025-12-28 19:51:43,159 views ключи charts: []
INFO 2025-12-28 19:51:43,159 views Первые 3 предложения:
INFO 2025-12-28 19:51:43,159 views   1. Цена: 33100.00, Площадь: 43.70
INFO 2025-12-28 19:52:13,293 views Найдено похожих предложений: 1
INFO 2025-12-28 19:52:13,297 views === ОТЛАДКА analysis_results ===
INFO 2025-12-28 19:52:13,297 views similar_offers (тип): <class 'list'>
INFO 2025-12-28 19:52:13,297 views similar_offers (длина): 1
INFO 2025-12-28 19:52:13,297 views similar_count из сессии: 3
INFO 2025-12-28 19:52:13,297 views charts создано: 0
INFO 2025-12-28 19:52:13,297 views ключи charts: []
INFO 2025-12-28 19:52:13,298 views Первые 3 предложения:
INFO 2025-12-28 19:52:13,298 views   1. Цена: 33100.00, Площадь: 43.70
